<?xml version="1.0" encoding="UTF-8"?>
<!-- Generated by org.testng.reporters.JUnitXMLReporter -->
<testsuite ignored="1" hostname="AnuChandu" failures="0" tests="1" name="Test" time="35.502" errors="0" timestamp="2024-07-08T15:05:15 IST">
  <testcase classname="Organization.CreateOrganizationTest" name="CreateOrganizationTest" time="17.909"/>
  <testcase classname="Organization.CreateOrganizationTest" name="CreateCampaignTest" time="0.0">
    <ignored/>
  </testcase> <!-- CreateCampaignTest -->
</testsuite> <!-- Test -->
