<?xml version="1.0" encoding="UTF-8"?>
<testng-results ignored="0" total="1" passed="1" failed="0" skipped="0">
  <reporter-output>
  </reporter-output>
  <suite started-at="2024-07-08T15:58:05 IST" name="Default suite" finished-at="2024-07-08T15:58:42 IST" duration-ms="37610">
    <groups>
      <group name="regressionTest">
        <method signature="CreateOrganizationTest.CreateOrganizationTest()[pri:0, instance:Organization.CreateOrganizationTest@6e6f2380]" name="CreateOrganizationTest" class="Organization.CreateOrganizationTest"/>
      </group> <!-- regressionTest -->
      <group name="smokeTest">
        <method signature="CreateOrganizationTest.CreateOrganizationTest()[pri:0, instance:Organization.CreateOrganizationTest@6e6f2380]" name="CreateOrganizationTest" class="Organization.CreateOrganizationTest"/>
      </group> <!-- smokeTest -->
    </groups>
    <test started-at="2024-07-08T15:58:05 IST" name="Default test" finished-at="2024-07-08T15:58:42 IST" duration-ms="37610">
      <class name="Organization.CreateOrganizationTest">
        <test-method is-config="true" signature="bs()[pri:0, instance:Organization.CreateOrganizationTest@6e6f2380]" started-at="2024-07-08T15:58:05 IST" name="bs" finished-at="2024-07-08T15:58:05 IST" duration-ms="13" status="PASS">
          <reporter-output>
          </reporter-output>
        </test-method> <!-- bs -->
        <test-method is-config="true" signature="bt()[pri:0, instance:Organization.CreateOrganizationTest@6e6f2380]" started-at="2024-07-08T15:58:05 IST" name="bt" finished-at="2024-07-08T15:58:05 IST" duration-ms="1" status="PASS">
          <reporter-output>
          </reporter-output>
        </test-method> <!-- bt -->
        <test-method is-config="true" signature="bc()[pri:0, instance:Organization.CreateOrganizationTest@6e6f2380]" started-at="2024-07-08T15:58:05 IST" name="bc" finished-at="2024-07-08T15:58:08 IST" duration-ms="3111" status="PASS">
          <reporter-output>
          </reporter-output>
        </test-method> <!-- bc -->
        <test-method is-config="true" signature="bm()[pri:0, instance:Organization.CreateOrganizationTest@6e6f2380]" started-at="2024-07-08T15:58:08 IST" name="bm" finished-at="2024-07-08T15:58:15 IST" duration-ms="7461" status="PASS">
          <reporter-output>
          </reporter-output>
        </test-method> <!-- bm -->
        <test-method signature="CreateOrganizationTest()[pri:0, instance:Organization.CreateOrganizationTest@6e6f2380]" started-at="2024-07-08T15:58:15 IST" name="CreateOrganizationTest" finished-at="2024-07-08T15:58:35 IST" duration-ms="19730" status="PASS">
          <reporter-output>
          </reporter-output>
        </test-method> <!-- CreateOrganizationTest -->
        <test-method is-config="true" signature="am()[pri:0, instance:Organization.CreateOrganizationTest@6e6f2380]" started-at="2024-07-08T15:58:35 IST" name="am" finished-at="2024-07-08T15:58:41 IST" duration-ms="5861" status="PASS">
          <reporter-output>
          </reporter-output>
        </test-method> <!-- am -->
        <test-method is-config="true" signature="ac()[pri:0, instance:Organization.CreateOrganizationTest@6e6f2380]" started-at="2024-07-08T15:58:41 IST" name="ac" finished-at="2024-07-08T15:58:42 IST" duration-ms="1412" status="PASS">
          <reporter-output>
          </reporter-output>
        </test-method> <!-- ac -->
        <test-method is-config="true" signature="at()[pri:0, instance:Organization.CreateOrganizationTest@6e6f2380]" started-at="2024-07-08T15:58:42 IST" name="at" finished-at="2024-07-08T15:58:42 IST" duration-ms="0" status="PASS">
          <reporter-output>
          </reporter-output>
        </test-method> <!-- at -->
        <test-method is-config="true" signature="as()[pri:0, instance:Organization.CreateOrganizationTest@6e6f2380]" started-at="2024-07-08T15:58:43 IST" name="as" finished-at="2024-07-08T15:58:43 IST" duration-ms="423" status="PASS">
          <reporter-output>
          </reporter-output>
        </test-method> <!-- as -->
      </class> <!-- Organization.CreateOrganizationTest -->
    </test> <!-- Default test -->
  </suite> <!-- Default suite -->
</testng-results>
